Arguments: 
  C:\Program Files\nodejs\node.exe C:\Users\ODiTY\AppData\Roaming\npm\node_modules\yarn\bin\yarn.js install

PATH: 
  C:\Program Files (x86)\Common Files\Oracle\Java\javapath;C:\Windows\system32;C:\Windows;C:\Windows\System32\Wbem;C:\Windows\System32\WindowsPowerShell\v1.0\;C:\Windows\System32\OpenSSH\;C:\Program Files\TortoiseSVN\bin;C:\Program Files\WinMerge;C:\Program Files\Git\cmd;C:\Users\ODiTY\AppData\Roaming\nvm;C:\Program Files\nodejs;C:\Program Files\Microsoft SQL Server\Client SDK\ODBC\110\Tools\Binn\;C:\Program Files (x86)\Microsoft SQL Server\120\Tools\Binn\ManagementStudio\;C:\Program Files (x86)\Microsoft SQL Server\120\Tools\Binn\;C:\Program Files\Microsoft SQL Server\120\Tools\Binn\;C:\Program Files (x86)\Microsoft SQL Server\120\DTS\Binn\;C:\Program Files\Microsoft SQL Server\120\DTS\Binn\;C:\Program Files\nodejs\;C:\Users\ODiTY\AppData\Local\Microsoft\WindowsApps;C:\Users\ODiTY\AppData\Local\Programs\Microsoft VS Code\bin;C:\Users\ODiTY\AppData\Roaming\nvm;C:\Program Files\nodejs;C:\Program Files\JetBrains\IntelliJ IDEA 2021.3.2\bin;;C:\Users\ODiTY\AppData\Roaming\npm;C:\Program Files\JetBrains\JetBrains Gateway 221.4501.94\bin;;E:\kandra\ant\bin;C:\Users\ODiTY\AppData\Local\Yarn\bin;

Yarn version: 
  1.22.17

Node version: 
  16.14.0

Platform: 
  win32 x64

Trace: 
  Error: getaddrinfo ENOTFOUND registry.yarnpkg.com
      at GetAddrInfoReqWrap.onlookup [as oncomplete] (node:dns:71:26)

npm manifest: 
  {
    "name": "remix-template-remix-ts",
    "private": true,
    "description": "",
    "license": "",
    "sideEffects": false,
    "scripts": {
      "build": "remix build",
      "dev": "remix dev",
      "postinstall": "remix setup node",
      "start": "remix-serve build"
    },
    "dependencies": {
      "@remix-run/react": "*",
      "@remix-run/serve": "*",
      "react": "^17.0.2",
      "react-dom": "^17.0.2",
      "remix": "*"
    },
    "devDependencies": {
      "@remix-run/dev": "*",
      "@remix-run/eslint-config": "*",
      "@types/react": "^17.0.24",
      "@types/react-dom": "^17.0.9",
      "eslint": "^8.11.0",
      "typescript": "^4.5.5"
    },
    "engines": {
      "node": ">=14"
    }
  }

yarn manifest: 
  No manifest

Lockfile: 
  No lockfile
